{"C:\\Users\\ZUM\\Desktop\\Учеба\\Homework\\character-game\\src\\character.js": {"path":"C:\\Users\\ZUM\\Desktop\\Учеба\\Homework\\character-game\\src\\character.js","statementMap":{"0":{"start":{"line":4,"column":25},"end":{"line":4,"column":90}},"1":{"start":{"line":6,"column":6},"end":{"line":8,"column":7}},"2":{"start":{"line":7,"column":8},"end":{"line":7,"column":78}},"3":{"start":{"line":10,"column":6},"end":{"line":12,"column":7}},"4":{"start":{"line":11,"column":8},"end":{"line":11,"column":54}},"5":{"start":{"line":14,"column":6},"end":{"line":14,"column":23}},"6":{"start":{"line":15,"column":6},"end":{"line":15,"column":23}},"7":{"start":{"line":16,"column":6},"end":{"line":16,"column":24}},"8":{"start":{"line":17,"column":6},"end":{"line":17,"column":21}},"9":{"start":{"line":18,"column":6},"end":{"line":18,"column":22}},"10":{"start":{"line":19,"column":6},"end":{"line":19,"column":23}},"11":{"start":{"line":23,"column":6},"end":{"line":25,"column":7}},"12":{"start":{"line":24,"column":8},"end":{"line":24,"column":70}},"13":{"start":{"line":27,"column":6},"end":{"line":27,"column":22}},"14":{"start":{"line":28,"column":6},"end":{"line":28,"column":50}},"15":{"start":{"line":29,"column":6},"end":{"line":29,"column":52}},"16":{"start":{"line":30,"column":6},"end":{"line":30,"column":24}},"17":{"start":{"line":34,"column":6},"end":{"line":34,"column":35}},"18":{"start":{"line":34,"column":28},"end":{"line":34,"column":35}},"19":{"start":{"line":36,"column":26},"end":{"line":36,"column":59}},"20":{"start":{"line":37,"column":6},"end":{"line":37,"column":59}},"21":{"start":{"line":44,"column":6},"end":{"line":44,"column":28}},"22":{"start":{"line":45,"column":6},"end":{"line":45,"column":23}},"23":{"start":{"line":46,"column":6},"end":{"line":46,"column":24}},"24":{"start":{"line":52,"column":6},"end":{"line":52,"column":31}},"25":{"start":{"line":53,"column":6},"end":{"line":53,"column":23}},"26":{"start":{"line":54,"column":6},"end":{"line":54,"column":24}},"27":{"start":{"line":60,"column":6},"end":{"line":60,"column":30}},"28":{"start":{"line":61,"column":6},"end":{"line":61,"column":23}},"29":{"start":{"line":62,"column":6},"end":{"line":62,"column":24}},"30":{"start":{"line":68,"column":6},"end":{"line":68,"column":28}},"31":{"start":{"line":69,"column":6},"end":{"line":69,"column":23}},"32":{"start":{"line":70,"column":6},"end":{"line":70,"column":24}},"33":{"start":{"line":76,"column":6},"end":{"line":76,"column":28}},"34":{"start":{"line":77,"column":6},"end":{"line":77,"column":23}},"35":{"start":{"line":78,"column":6},"end":{"line":78,"column":24}},"36":{"start":{"line":84,"column":6},"end":{"line":84,"column":28}},"37":{"start":{"line":85,"column":6},"end":{"line":85,"column":23}},"38":{"start":{"line":86,"column":6},"end":{"line":86,"column":24}},"39":{"start":{"line":91,"column":2},"end":{"line":91,"column":88}}},"fnMap":{"0":{"name":"(anonymous_0)","decl":{"start":{"line":3,"column":4},"end":{"line":3,"column":5}},"loc":{"start":{"line":3,"column":28},"end":{"line":20,"column":5}},"line":3},"1":{"name":"(anonymous_1)","decl":{"start":{"line":22,"column":4},"end":{"line":22,"column":5}},"loc":{"start":{"line":22,"column":14},"end":{"line":31,"column":5}},"line":22},"2":{"name":"(anonymous_2)","decl":{"start":{"line":33,"column":4},"end":{"line":33,"column":5}},"loc":{"start":{"line":33,"column":19},"end":{"line":38,"column":5}},"line":33},"3":{"name":"(anonymous_3)","decl":{"start":{"line":43,"column":4},"end":{"line":43,"column":5}},"loc":{"start":{"line":43,"column":22},"end":{"line":47,"column":5}},"line":43},"4":{"name":"(anonymous_4)","decl":{"start":{"line":51,"column":4},"end":{"line":51,"column":5}},"loc":{"start":{"line":51,"column":22},"end":{"line":55,"column":5}},"line":51},"5":{"name":"(anonymous_5)","decl":{"start":{"line":59,"column":4},"end":{"line":59,"column":5}},"loc":{"start":{"line":59,"column":22},"end":{"line":63,"column":5}},"line":59},"6":{"name":"(anonymous_6)","decl":{"start":{"line":67,"column":4},"end":{"line":67,"column":5}},"loc":{"start":{"line":67,"column":22},"end":{"line":71,"column":5}},"line":67},"7":{"name":"(anonymous_7)","decl":{"start":{"line":75,"column":4},"end":{"line":75,"column":5}},"loc":{"start":{"line":75,"column":22},"end":{"line":79,"column":5}},"line":75},"8":{"name":"(anonymous_8)","decl":{"start":{"line":83,"column":4},"end":{"line":83,"column":5}},"loc":{"start":{"line":83,"column":22},"end":{"line":87,"column":5}},"line":83}},"branchMap":{"0":{"loc":{"start":{"line":6,"column":6},"end":{"line":8,"column":7}},"type":"if","locations":[{"start":{"line":6,"column":6},"end":{"line":8,"column":7}},{"start":{},"end":{}}],"line":6},"1":{"loc":{"start":{"line":6,"column":10},"end":{"line":6,"column":73}},"type":"binary-expr","locations":[{"start":{"line":6,"column":10},"end":{"line":6,"column":34}},{"start":{"line":6,"column":38},"end":{"line":6,"column":53}},{"start":{"line":6,"column":57},"end":{"line":6,"column":73}}],"line":6},"2":{"loc":{"start":{"line":10,"column":6},"end":{"line":12,"column":7}},"type":"if","locations":[{"start":{"line":10,"column":6},"end":{"line":12,"column":7}},{"start":{},"end":{}}],"line":10},"3":{"loc":{"start":{"line":23,"column":6},"end":{"line":25,"column":7}},"type":"if","locations":[{"start":{"line":23,"column":6},"end":{"line":25,"column":7}},{"start":{},"end":{}}],"line":23},"4":{"loc":{"start":{"line":34,"column":6},"end":{"line":34,"column":35}},"type":"if","locations":[{"start":{"line":34,"column":6},"end":{"line":34,"column":35}},{"start":{},"end":{}}],"line":34}},"s":{"0":7,"1":7,"2":0,"3":7,"4":0,"5":7,"6":7,"7":7,"8":7,"9":7,"10":7,"11":2,"12":1,"13":1,"14":1,"15":1,"16":1,"17":2,"18":1,"19":1,"20":1,"21":2,"22":2,"23":2,"24":2,"25":2,"26":2,"27":1,"28":1,"29":1,"30":1,"31":1,"32":1,"33":0,"34":0,"35":0,"36":1,"37":1,"38":1,"39":1},"f":{"0":7,"1":2,"2":2,"3":2,"4":2,"5":1,"6":1,"7":0,"8":1},"b":{"0":[0,7],"1":[7,7,7],"2":[0,7],"3":[1,1],"4":[1,1]},"_coverageSchema":"1a1c01bbd47fc00a2c39e90264f33305004495a9","hash":"4b53be2765fcf8115fa853be6290c42926dcf9c4"}
}
