TN:
SF:src\character.js
FN:3,(anonymous_0)
FN:22,(anonymous_1)
FN:33,(anonymous_2)
FN:43,(anonymous_3)
FN:51,(anonymous_4)
FN:59,(anonymous_5)
FN:67,(anonymous_6)
FN:75,(anonymous_7)
FN:83,(anonymous_8)
FNF:9
FNH:8
FNDA:7,(anonymous_0)
FNDA:2,(anonymous_1)
FNDA:2,(anonymous_2)
FNDA:2,(anonymous_3)
FNDA:2,(anonymous_4)
FNDA:1,(anonymous_5)
FNDA:1,(anonymous_6)
FNDA:0,(anonymous_7)
FNDA:1,(anonymous_8)
DA:4,7
DA:6,7
DA:7,0
DA:10,7
DA:11,0
DA:14,7
DA:15,7
DA:16,7
DA:17,7
DA:18,7
DA:19,7
DA:23,2
DA:24,1
DA:27,1
DA:28,1
DA:29,1
DA:30,1
DA:34,2
DA:36,1
DA:37,1
DA:44,2
DA:45,2
DA:46,2
DA:52,2
DA:53,2
DA:54,2
DA:60,1
DA:61,1
DA:62,1
DA:68,1
DA:69,1
DA:70,1
DA:76,0
DA:77,0
DA:78,0
DA:84,1
DA:85,1
DA:86,1
DA:91,1
LF:39
LH:34
BRDA:6,0,0,0
BRDA:6,0,1,7
BRDA:6,1,0,7
BRDA:6,1,1,7
BRDA:6,1,2,7
BRDA:10,2,0,0
BRDA:10,2,1,7
BRDA:23,3,0,1
BRDA:23,3,1,1
BRDA:34,4,0,1
BRDA:34,4,1,1
BRF:11
BRH:9
end_of_record
